<?xml version="1.0" encoding="UTF-8"?>
<!-- Generated by org.testng.reporters.JUnitXMLReporter -->
<testsuite ignored="0" hostname="DESKTOP-S1MEN4E" failures="1" tests="1" name="E2E Test" time="10.273" errors="0" timestamp="2024-01-22T16:29:05 IST">
  <testcase classname="com.mobileTesting.eCommerce_tc_4_Hybrid" name="FillForm" time="0.003">
    <failure type="java.lang.NullPointerException" message="Cannot invoke &amp;quot;com.mobileTesting.pageObjects.android.FormPage.setNameField(String)&amp;quot; because &amp;quot;this.formPage&amp;quot; is null">
      <![CDATA[java.lang.NullPointerException: Cannot invoke "com.mobileTesting.pageObjects.android.FormPage.setNameField(String)" because "this.formPage" is null
at com.mobileTesting.eCommerce_tc_4_Hybrid.FillForm(eCommerce_tc_4_Hybrid.java:15)
at java.base/java.util.ArrayList.forEach(ArrayList.java:1596)
... Removed 25 stack frames]]>
    </failure>
  </testcase> <!-- FillForm -->
</testsuite> <!-- E2E Test -->
