<?xml version="1.0" encoding="UTF-8"?>
<!-- Generated by org.testng.reporters.JUnitXMLReporter -->
<testsuite ignored="0" hostname="DESKTOP-S1MEN4E" failures="0" tests="2" name="Error Validations Test" time="41.635" errors="0" timestamp="2024-01-28T15:49:52 IST">
  <testcase classname="com.mobileTesting.eCommerce_tc_2" name="FillFormPositiveFlow" time="15.898"/>
  <testcase classname="com.mobileTesting.eCommerce_tc_2" name="FillForm_ErrorValidation" time="6.943"/>
</testsuite> <!-- Error Validations Test -->
