<?xml version="1.0" encoding="UTF-8"?>
<!-- Generated by org.testng.reporters.JUnitXMLReporter -->
<testsuite ignored="0" hostname="DESKTOP-S1MEN4E" failures="0" tests="2" name="Error Validations Test" time="57.829" errors="0" timestamp="2024-01-22T16:28:55 IST">
  <testcase classname="com.mobileTesting.eCommerce_tc_2" name="FillFormPositiveFlow" time="29.986"/>
  <testcase classname="com.mobileTesting.eCommerce_tc_2" name="FillForm_ErrorValidation" time="6.828"/>
</testsuite> <!-- Error Validations Test -->
