<?xml version="1.0" encoding="UTF-8" ?>
<testsuite tests="7" failures="4" name="TestSuite" time="57.893" errors="0" skipped="2">
  <properties>
[...]
</properties>
  <testcase classname="com.mobileTesting.eCommerce_tc_2" name="configureAppium" time="0">
    <failure message="The local appium server has not been started
Reason: Timed out waiting for [http://127.0.0.1:4723/status] to be available after 20008 ms
Consider increasing the server startup timeout value (currently 20000ms)
Node.js executable path: C:\Program Files\nodejs\node.exe
Arguments: [C:\Users\offic\AppData\Roaming\npm\node_modules\appium\build\lib\main.js, --port, 4723, --address, 127.0.0.1]
Output: &amp;#27;[35m[Appium]&amp;#27;[39m Welcome to Appium v2.2.3
&amp;#27;[35m[Appium]&amp;#27;[39m Non-default server args:
&amp;#27;[35m[Appium]&amp;#27;[39m { address: &amp;#27;[32m&apos;127.0.0.1&apos;&amp;#27;[39m }
&amp;#27;[35m[Appium]&amp;#27;[39m Attempting to load driver uiautomator2...
&amp;#27;[35m[Appium]&amp;#27;[39m Requiring driver at C:\Users\offic\.appium\node_modules\appium-uiautomator2-driver
&amp;#27;[35m[Appium]&amp;#27;[39m Attempting to load driver xcuitest...
&amp;#27;[35m[Appium]&amp;#27;[39m Requiring driver at C:\Users\offic\.appium\node_modules\appium-xcuitest-driver
" type="io.appium.java_client.service.local.AppiumServerHasNotBeenStartedLocallyException">io.appium.java_client.service.local.AppiumServerHasNotBeenStartedLocallyException: The local appium server has not been started
Reason: Timed out waiting for [http://127.0.0.1:4723/status] to be available after 20008 ms
Consider increasing the server startup timeout value (currently 20000ms)
Node.js executable path: C:\Program Files\nodejs\node.exe
Arguments: [C:\Users\offic\AppData\Roaming\npm\node_modules\appium\build\lib\main.js, --port, 4723, --address, 127.0.0.1]
Output: &amp;#27;[35m[Appium]&amp;#27;[39m Welcome to Appium v2.2.3
&amp;#27;[35m[Appium]&amp;#27;[39m Non-default server args:
&amp;#27;[35m[Appium]&amp;#27;[39m { address: &amp;#27;[32m&apos;127.0.0.1&apos;&amp;#27;[39m }
&amp;#27;[35m[Appium]&amp;#27;[39m Attempting to load driver uiautomator2...
&amp;#27;[35m[Appium]&amp;#27;[39m Requiring driver at C:\Users\offic\.appium\node_modules\appium-uiautomator2-driver
&amp;#27;[35m[Appium]&amp;#27;[39m Attempting to load driver xcuitest...
&amp;#27;[35m[Appium]&amp;#27;[39m Requiring driver at C:\Users\offic\.appium\node_modules\appium-xcuitest-driver

	at io.appium.java_client.service.local.AppiumDriverLocalService.start(AppiumDriverLocalService.java:203)
	at com.mobileTesting.utils.AppiumUtils.startAppiumServer(AppiumUtils.java:32)
	at com.mobileTesting.TestUtils.AndroidBaseTest.configureAppium(AndroidBaseTest.java:36)
	at java.base/jdk.internal.reflect.DirectMethodHandleAccessor.invoke(DirectMethodHandleAccessor.java:103)
	at java.base/java.lang.reflect.Method.invoke(Method.java:580)
	at org.testng.internal.invokers.MethodInvocationHelper.invokeMethod(MethodInvocationHelper.java:139)
	at org.testng.internal.invokers.MethodInvocationHelper.invokeMethodConsideringTimeout(MethodInvocationHelper.java:69)
	at org.testng.internal.invokers.ConfigInvoker.invokeConfigurationMethod(ConfigInvoker.java:390)
	at org.testng.internal.invokers.ConfigInvoker.invokeConfigurations(ConfigInvoker.java:325)
	at org.testng.internal.invokers.TestMethodWorker.invokeBeforeClassMethods(TestMethodWorker.java:180)
	at org.testng.internal.invokers.TestMethodWorker.run(TestMethodWorker.java:122)
	at java.base/java.util.ArrayList.forEach(ArrayList.java:1596)
	at org.testng.TestRunner.privateRun(TestRunner.java:848)
	at org.testng.TestRunner.run(TestRunner.java:621)
	at org.testng.SuiteRunner.runTest(SuiteRunner.java:443)
	at org.testng.SuiteRunner.runSequentially(SuiteRunner.java:437)
	at org.testng.SuiteRunner.privateRun(SuiteRunner.java:397)
	at org.testng.SuiteRunner.run(SuiteRunner.java:336)
	at org.testng.SuiteRunnerWorker.runSuite(SuiteRunnerWorker.java:52)
	at org.testng.SuiteRunnerWorker.run(SuiteRunnerWorker.java:95)
	at org.testng.TestNG.runSuitesSequentially(TestNG.java:1280)
	at org.testng.TestNG.runSuitesLocally(TestNG.java:1200)
	at org.testng.TestNG.runSuites(TestNG.java:1114)
	at org.testng.TestNG.run(TestNG.java:1082)
	at org.apache.maven.surefire.testng.TestNGExecutor.run(TestNGExecutor.java:122)
	at org.apache.maven.surefire.testng.TestNGXmlTestSuite.execute(TestNGXmlTestSuite.java:88)
	at org.apache.maven.surefire.testng.TestNGProvider.invoke(TestNGProvider.java:104)
	at java.base/jdk.internal.reflect.DirectMethodHandleAccessor.invoke(DirectMethodHandleAccessor.java:103)
	at java.base/java.lang.reflect.Method.invoke(Method.java:580)
	at org.apache.maven.surefire.booter.ProviderFactory$ClassLoaderProxy.invoke(ProviderFactory.java:103)
	at jdk.proxy1/jdk.proxy1.$Proxy0.invoke(Unknown Source)
	at org.apache.maven.surefire.booter.SurefireStarter.invokeProvider(SurefireStarter.java:150)
	at org.apache.maven.surefire.booter.SurefireStarter.runSuitesInProcess(SurefireStarter.java:91)
	at org.apache.maven.surefire.booter.ForkedBooter.main(ForkedBooter.java:69)
Caused by: org.openqa.selenium.net.UrlChecker$TimeoutException: Timed out waiting for [http://127.0.0.1:4723/status] to be available after 20008 ms
	at org.openqa.selenium.net.UrlChecker.waitUntilAvailable(UrlChecker.java:94)
	at io.appium.java_client.service.local.AppiumDriverLocalService.ping(AppiumDriverLocalService.java:157)
	at io.appium.java_client.service.local.AppiumDriverLocalService.start(AppiumDriverLocalService.java:182)
	... 33 more
Caused by: java.util.concurrent.TimeoutException
	at java.base/java.util.concurrent.FutureTask.get(FutureTask.java:204)
	at org.openqa.selenium.net.UrlChecker.waitUntilAvailable(UrlChecker.java:91)
	... 35 more
Caused by: org.openqa.selenium.net.UrlChecker$TimeoutException: Timed out waiting for [http://127.0.0.1:4723/status] to be available after 20008 ms
	at org.openqa.selenium.net.UrlChecker.waitUntilAvailable(UrlChecker.java:94)
	at io.appium.java_client.service.local.AppiumDriverLocalService.ping(AppiumDriverLocalService.java:157)
	at io.appium.java_client.service.local.AppiumDriverLocalService.start(AppiumDriverLocalService.java:182)
	... 33 more
Caused by: java.util.concurrent.TimeoutException
	at java.base/java.util.concurrent.FutureTask.get(FutureTask.java:204)
	at org.openqa.selenium.net.UrlChecker.waitUntilAvailable(UrlChecker.java:91)
	... 35 more
</failure>
  </testcase>
  <testcase classname="com.mobileTesting.eCommerce_tc_2" name="preSetup" time="0.033">
    <failure message="Cannot invoke &quot;io.appium.java_client.android.AndroidDriver.executeScript(String, Object[])&quot; because &quot;this.driver&quot; is null" type="java.lang.NullPointerException">java.lang.NullPointerException: Cannot invoke &quot;io.appium.java_client.android.AndroidDriver.executeScript(String, Object[])&quot; because &quot;this.driver&quot; is null
	at com.mobileTesting.eCommerce_tc_2.preSetup(eCommerce_tc_2.java:17)
</failure>
  </testcase>
  <testcase classname="com.mobileTesting.eCommerce_tc_2" name="FillFormPositiveFlow" time="0.005">
    <skipped/>
  </testcase>
  <testcase classname="com.mobileTesting.eCommerce_tc_2" name="preSetup" time="0.012">
    <failure message="Cannot invoke &quot;io.appium.java_client.android.AndroidDriver.executeScript(String, Object[])&quot; because &quot;this.driver&quot; is null" type="java.lang.NullPointerException">java.lang.NullPointerException: Cannot invoke &quot;io.appium.java_client.android.AndroidDriver.executeScript(String, Object[])&quot; because &quot;this.driver&quot; is null
	at com.mobileTesting.eCommerce_tc_2.preSetup(eCommerce_tc_2.java:17)
</failure>
  </testcase>
  <testcase classname="com.mobileTesting.eCommerce_tc_2" name="FillForm_ErrorValidation" time="0">
    <skipped/>
  </testcase>
  <testcase classname="com.mobileTesting.eCommerce_tc_2" name="tearDown" time="0.001">
    <failure message="Cannot invoke &quot;io.appium.java_client.android.AndroidDriver.quit()&quot; because &quot;this.driver&quot; is null" type="java.lang.NullPointerException">java.lang.NullPointerException: Cannot invoke &quot;io.appium.java_client.android.AndroidDriver.quit()&quot; because &quot;this.driver&quot; is null
	at com.mobileTesting.TestUtils.AndroidBaseTest.tearDown(AndroidBaseTest.java:48)
	at java.base/jdk.internal.reflect.DirectMethodHandleAccessor.invoke(DirectMethodHandleAccessor.java:103)
	at java.base/java.lang.reflect.Method.invoke(Method.java:580)
	at org.testng.internal.invokers.MethodInvocationHelper.invokeMethod(MethodInvocationHelper.java:139)
	at org.testng.internal.invokers.MethodInvocationHelper.invokeMethodConsideringTimeout(MethodInvocationHelper.java:69)
	at org.testng.internal.invokers.ConfigInvoker.invokeConfigurationMethod(ConfigInvoker.java:390)
	at org.testng.internal.invokers.ConfigInvoker.invokeConfigurations(ConfigInvoker.java:325)
	at org.testng.internal.invokers.TestMethodWorker.invokeAfterClassConfigurations(TestMethodWorker.java:229)
	at org.testng.internal.invokers.TestMethodWorker.invokeAfterClassMethods(TestMethodWorker.java:215)
	at org.testng.internal.invokers.TestMethodWorker.run(TestMethodWorker.java:131)
	at java.base/java.util.ArrayList.forEach(ArrayList.java:1596)
	at org.testng.TestRunner.privateRun(TestRunner.java:848)
	at org.testng.TestRunner.run(TestRunner.java:621)
	at org.testng.SuiteRunner.runTest(SuiteRunner.java:443)
	at org.testng.SuiteRunner.runSequentially(SuiteRunner.java:437)
	at org.testng.SuiteRunner.privateRun(SuiteRunner.java:397)
	at org.testng.SuiteRunner.run(SuiteRunner.java:336)
	at org.testng.SuiteRunnerWorker.runSuite(SuiteRunnerWorker.java:52)
	at org.testng.SuiteRunnerWorker.run(SuiteRunnerWorker.java:95)
	at org.testng.TestNG.runSuitesSequentially(TestNG.java:1280)
	at org.testng.TestNG.runSuitesLocally(TestNG.java:1200)
	at org.testng.TestNG.runSuites(TestNG.java:1114)
	at org.testng.TestNG.run(TestNG.java:1082)
	at org.apache.maven.surefire.testng.TestNGExecutor.run(TestNGExecutor.java:122)
	at org.apache.maven.surefire.testng.TestNGXmlTestSuite.execute(TestNGXmlTestSuite.java:88)
	at org.apache.maven.surefire.testng.TestNGProvider.invoke(TestNGProvider.java:104)
	at java.base/jdk.internal.reflect.DirectMethodHandleAccessor.invoke(DirectMethodHandleAccessor.java:103)
	at java.base/java.lang.reflect.Method.invoke(Method.java:580)
	at org.apache.maven.surefire.booter.ProviderFactory$ClassLoaderProxy.invoke(ProviderFactory.java:103)
	at jdk.proxy1/jdk.proxy1.$Proxy0.invoke(Unknown Source)
	at org.apache.maven.surefire.booter.SurefireStarter.invokeProvider(SurefireStarter.java:150)
	at org.apache.maven.surefire.booter.SurefireStarter.runSuitesInProcess(SurefireStarter.java:91)
	at org.apache.maven.surefire.booter.ForkedBooter.main(ForkedBooter.java:69)
</failure>
  </testcase>
  <testcase classname="com.mobileTesting.eCommerce_tc_4_Hybrid" name="FillForm" time="20.149"/>
</testsuite>