<?xml version="1.0" encoding="UTF-8"?>
<testng-results ignored="0" total="2" passed="2" failed="0" skipped="0">
  <reporter-output>
  </reporter-output>
  <suite started-at="2024-01-19T01:05:37 IST" name="Default suite" finished-at="2024-01-19T01:06:36 IST" duration-ms="58838">
    <groups>
    </groups>
    <test started-at="2024-01-19T01:05:37 IST" name="Default test" finished-at="2024-01-19T01:06:36 IST" duration-ms="58838">
      <class name="com.mobileTesting.eCommerce_tc_2">
        <test-method is-config="true" signature="configureAppium()[pri:0, instance:com.mobileTesting.eCommerce_tc_2@313ac989]" started-at="2024-01-19T01:05:37 IST" name="configureAppium" finished-at="2024-01-19T01:06:00 IST" duration-ms="22521" status="PASS">
          <reporter-output>
          </reporter-output>
        </test-method> <!-- configureAppium -->
        <test-method is-config="true" signature="preSetup()[pri:0, instance:com.mobileTesting.eCommerce_tc_2@313ac989]" started-at="2024-01-19T01:06:00 IST" name="preSetup" finished-at="2024-01-19T01:06:00 IST" duration-ms="92" status="PASS">
          <reporter-output>
          </reporter-output>
        </test-method> <!-- preSetup -->
        <test-method signature="FillFormPositiveFlow()[pri:0, instance:com.mobileTesting.eCommerce_tc_2@313ac989]" started-at="2024-01-19T01:06:00 IST" name="FillFormPositiveFlow" finished-at="2024-01-19T01:06:29 IST" duration-ms="28851" status="PASS">
          <reporter-output>
          </reporter-output>
        </test-method> <!-- FillFormPositiveFlow -->
        <test-method is-config="true" signature="preSetup()[pri:0, instance:com.mobileTesting.eCommerce_tc_2@313ac989]" started-at="2024-01-19T01:06:29 IST" name="preSetup" finished-at="2024-01-19T01:06:29 IST" duration-ms="50" status="PASS">
          <reporter-output>
          </reporter-output>
        </test-method> <!-- preSetup -->
        <test-method signature="FillForm_ErrorValidation()[pri:0, instance:com.mobileTesting.eCommerce_tc_2@313ac989]" started-at="2024-01-19T01:06:29 IST" name="FillForm_ErrorValidation" finished-at="2024-01-19T01:06:36 IST" duration-ms="7016" status="PASS">
          <reporter-output>
          </reporter-output>
        </test-method> <!-- FillForm_ErrorValidation -->
        <test-method is-config="true" signature="tearDown()[pri:0, instance:com.mobileTesting.eCommerce_tc_2@313ac989]" started-at="2024-01-19T01:06:36 IST" name="tearDown" finished-at="2024-01-19T01:06:36 IST" duration-ms="260" status="PASS">
          <reporter-output>
          </reporter-output>
        </test-method> <!-- tearDown -->
      </class> <!-- com.mobileTesting.eCommerce_tc_2 -->
    </test> <!-- Default test -->
  </suite> <!-- Default suite -->
</testng-results>
