<?xml version="1.0" encoding="UTF-8"?>
<testng-results ignored="0" total="2" passed="2" failed="0" skipped="0">
  <reporter-output>
  </reporter-output>
  <suite started-at="2024-01-28T21:54:02 IST" name="Default suite" finished-at="2024-01-28T21:54:37 IST" duration-ms="35563">
    <groups>
      <group name="smoke">
        <method signature="eCommerce_tc_2.FillFormPositiveFlow()[pri:0, instance:com.mobileTesting.eCommerce_tc_2@639c2c1d]" name="FillFormPositiveFlow" class="com.mobileTesting.eCommerce_tc_2"/>
      </group> <!-- smoke -->
    </groups>
    <test started-at="2024-01-28T21:54:02 IST" name="Default test" finished-at="2024-01-28T21:54:37 IST" duration-ms="35563">
      <class name="com.mobileTesting.eCommerce_tc_2">
        <test-method is-config="true" signature="configureAppium()[pri:0, instance:com.mobileTesting.eCommerce_tc_2@639c2c1d]" started-at="2024-01-28T21:54:02 IST" name="configureAppium" finished-at="2024-01-28T21:54:14 IST" duration-ms="12035" status="PASS">
          <reporter-output>
          </reporter-output>
        </test-method> <!-- configureAppium -->
        <test-method is-config="true" signature="preSetup()[pri:0, instance:com.mobileTesting.eCommerce_tc_2@639c2c1d]" started-at="2024-01-28T21:54:14 IST" name="preSetup" finished-at="2024-01-28T21:54:14 IST" duration-ms="78" status="PASS">
          <reporter-output>
          </reporter-output>
        </test-method> <!-- preSetup -->
        <test-method signature="FillFormPositiveFlow()[pri:0, instance:com.mobileTesting.eCommerce_tc_2@639c2c1d]" started-at="2024-01-28T21:54:14 IST" name="FillFormPositiveFlow" finished-at="2024-01-28T21:54:30 IST" duration-ms="15996" status="PASS">
          <reporter-output>
          </reporter-output>
        </test-method> <!-- FillFormPositiveFlow -->
        <test-method is-config="true" signature="preSetup()[pri:0, instance:com.mobileTesting.eCommerce_tc_2@639c2c1d]" started-at="2024-01-28T21:54:30 IST" name="preSetup" finished-at="2024-01-28T21:54:30 IST" duration-ms="46" status="PASS">
          <reporter-output>
          </reporter-output>
        </test-method> <!-- preSetup -->
        <test-method signature="FillForm_ErrorValidation()[pri:0, instance:com.mobileTesting.eCommerce_tc_2@639c2c1d]" started-at="2024-01-28T21:54:30 IST" name="FillForm_ErrorValidation" finished-at="2024-01-28T21:54:37 IST" duration-ms="7061" status="PASS">
          <reporter-output>
          </reporter-output>
        </test-method> <!-- FillForm_ErrorValidation -->
        <test-method is-config="true" signature="tearDown()[pri:0, instance:com.mobileTesting.eCommerce_tc_2@639c2c1d]" started-at="2024-01-28T21:54:37 IST" name="tearDown" finished-at="2024-01-28T21:54:37 IST" duration-ms="196" status="PASS">
          <reporter-output>
          </reporter-output>
        </test-method> <!-- tearDown -->
      </class> <!-- com.mobileTesting.eCommerce_tc_2 -->
    </test> <!-- Default test -->
  </suite> <!-- Default suite -->
</testng-results>
